c:\users\mikou\desktop\work\c++\of_v0.9.3_vs_release\apps\hoopa\hoopa\obj\debug\defaultstrategy.obj
c:\users\mikou\desktop\work\c++\of_v0.9.3_vs_release\apps\hoopa\hoopa\obj\debug\module.obj
c:\users\mikou\desktop\work\c++\of_v0.9.3_vs_release\apps\hoopa\hoopa\obj\debug\student.obj
c:\users\mikou\desktop\work\c++\of_v0.9.3_vs_release\apps\hoopa\hoopa\obj\debug\assignmentone.obj
c:\users\mikou\desktop\work\c++\of_v0.9.3_vs_release\apps\hoopa\hoopa\obj\debug\assignmentthree.obj
c:\users\mikou\desktop\work\c++\of_v0.9.3_vs_release\apps\hoopa\hoopa\obj\debug\oddstrategy.obj
c:\users\mikou\desktop\work\c++\of_v0.9.3_vs_release\apps\hoopa\hoopa\obj\debug\queue.obj
c:\users\mikou\desktop\work\c++\of_v0.9.3_vs_release\apps\hoopa\hoopa\obj\debug\teacher.obj
c:\users\mikou\desktop\work\c++\of_v0.9.3_vs_release\apps\hoopa\hoopa\obj\debug\invertedstrategy.obj
c:\users\mikou\desktop\work\c++\of_v0.9.3_vs_release\apps\hoopa\hoopa\obj\debug\assignmentfour.obj
c:\users\mikou\desktop\work\c++\of_v0.9.3_vs_release\apps\hoopa\hoopa\obj\debug\main.obj
c:\users\mikou\desktop\work\c++\of_v0.9.3_vs_release\apps\hoopa\hoopa\obj\debug\ofapp.obj
c:\users\mikou\desktop\work\c++\of_v0.9.3_vs_release\apps\hoopa\hoopa\obj\debug\assignmenttwo.obj
c:\users\mikou\desktop\work\c++\of_v0.9.3_vs_release\apps\hoopa\hoopa\obj\debug\board.obj
c:\users\mikou\desktop\work\c++\of_v0.9.3_vs_release\apps\hoopa\hoopa\obj\debug\vc140.pdb
c:\users\mikou\desktop\work\c++\of_v0.9.3_vs_release\apps\hoopa\hoopa\obj\debug\dominosstrategy.obj
c:\users\mikou\desktop\work\c++\of_v0.9.3_vs_release\apps\hoopa\hoopa\obj\debug\conwaystrategy.obj
c:\users\mikou\desktop\work\c++\of_v0.9.3_vs_release\apps\hoopa\hoopa\bin\hoopa_debug.lib
c:\users\mikou\desktop\work\c++\of_v0.9.3_vs_release\apps\hoopa\hoopa\bin\hoopa_debug.exp
c:\users\mikou\desktop\work\c++\of_v0.9.3_vs_release\apps\hoopa\hoopa\obj\debug\icon.res
c:\users\mikou\desktop\work\c++\of_v0.9.3_vs_release\apps\hoopa\hoopa\obj\debug\hoopa.vcxprojresolveassemblyreference.cache
c:\users\mikou\desktop\work\c++\of_v0.9.3_vs_release\apps\hoopa\hoopa\obj\debug\hoopa.tlog\cl.command.1.tlog
c:\users\mikou\desktop\work\c++\of_v0.9.3_vs_release\apps\hoopa\hoopa\obj\debug\hoopa.tlog\cl.read.1.tlog
c:\users\mikou\desktop\work\c++\of_v0.9.3_vs_release\apps\hoopa\hoopa\obj\debug\hoopa.tlog\cl.write.1.tlog
c:\users\mikou\desktop\work\c++\of_v0.9.3_vs_release\apps\hoopa\hoopa\obj\debug\hoopa.tlog\hoopa.write.1u.tlog
c:\users\mikou\desktop\work\c++\of_v0.9.3_vs_release\apps\hoopa\hoopa\obj\debug\hoopa.tlog\link-cvtres.read.1.tlog
c:\users\mikou\desktop\work\c++\of_v0.9.3_vs_release\apps\hoopa\hoopa\obj\debug\hoopa.tlog\link-cvtres.write.1.tlog
c:\users\mikou\desktop\work\c++\of_v0.9.3_vs_release\apps\hoopa\hoopa\obj\debug\hoopa.tlog\link-rc.read.1.tlog
c:\users\mikou\desktop\work\c++\of_v0.9.3_vs_release\apps\hoopa\hoopa\obj\debug\hoopa.tlog\link-rc.write.1.tlog
c:\users\mikou\desktop\work\c++\of_v0.9.3_vs_release\apps\hoopa\hoopa\obj\debug\hoopa.tlog\link.6364-cvtres.read.1.tlog
c:\users\mikou\desktop\work\c++\of_v0.9.3_vs_release\apps\hoopa\hoopa\obj\debug\hoopa.tlog\link.6364-cvtres.write.1.tlog
c:\users\mikou\desktop\work\c++\of_v0.9.3_vs_release\apps\hoopa\hoopa\obj\debug\hoopa.tlog\link.6364-rc.read.1.tlog
c:\users\mikou\desktop\work\c++\of_v0.9.3_vs_release\apps\hoopa\hoopa\obj\debug\hoopa.tlog\link.6364-rc.write.1.tlog
c:\users\mikou\desktop\work\c++\of_v0.9.3_vs_release\apps\hoopa\hoopa\obj\debug\hoopa.tlog\link.6364.read.1.tlog
c:\users\mikou\desktop\work\c++\of_v0.9.3_vs_release\apps\hoopa\hoopa\obj\debug\hoopa.tlog\link.6364.write.1.tlog
c:\users\mikou\desktop\work\c++\of_v0.9.3_vs_release\apps\hoopa\hoopa\obj\debug\hoopa.tlog\link.command.1.tlog
c:\users\mikou\desktop\work\c++\of_v0.9.3_vs_release\apps\hoopa\hoopa\obj\debug\hoopa.tlog\link.read.1.tlog
c:\users\mikou\desktop\work\c++\of_v0.9.3_vs_release\apps\hoopa\hoopa\obj\debug\hoopa.tlog\link.write.1.tlog
c:\users\mikou\desktop\work\c++\of_v0.9.3_vs_release\apps\hoopa\hoopa\obj\debug\hoopa.tlog\rc.command.1.tlog
c:\users\mikou\desktop\work\c++\of_v0.9.3_vs_release\apps\hoopa\hoopa\obj\debug\hoopa.tlog\rc.read.1.tlog
c:\users\mikou\desktop\work\c++\of_v0.9.3_vs_release\apps\hoopa\hoopa\obj\debug\hoopa.tlog\rc.write.1.tlog
